<?xml version="1.0" encoding="UTF-8"?>
<testsuites name="QA" time="95" tests="1" failures="1" errors="0">
   <testsuite name="QA" tests="1" failures="1" errors="0" time="95" timestamp="2018-12-24 17:36:59" hostname="Nikhil - 192.168.4.197" id="Test Suites/QA">
      <properties>
         <property name="deviceName" value=""/>
         <property name="devicePlatform" value=""/>
         <property name="logFolder" value="C:\\Users\\Nikhil\\Desktop\\Katalon\\AutomationProject\\Reports\\QA\\20181224_173656"/>
         <property name="logFiles" value="C:\\Users\\Nikhil\\Desktop\\Katalon\\AutomationProject\\Reports\\QA\\20181224_173656\\execution0.log"/>
         <property name="attachments" value="C:\\Users\\Nikhil\\Desktop\\Katalon\\AutomationProject\\Reports\\QA\\20181224_173656\\1545653313449.png, C:\\Users\\Nikhil\\Desktop\\Katalon\\AutomationProject\\ReportsTest Cases\\ScreenShoots\\Test Cases/CreateNewProject_05_38_33_24_12_18.PNG"/>
         <property name="hostName" value="Nikhil - 192.168.4.197"/>
         <property name="os" value="Windows 10 64bit"/>
         <property name="katalonVersion" value="5.10.0.1"/>
         <property name="browser" value="Chrome 71.0.3578.98"/>
         <property name="hostAddress" value="192.168.4.197"/>
         <property name="sessionId" value="05e0692e9880b9d4ca97568d862cb26c"/>
         <property name="seleniumVersion" value="3.7.1"/>
         <property name="proxyInformation" value="ProxyInformation{proxyOption=NO_PROXY, proxyServerType=HTTP, password=, proxyServerAddress=, proxyServerPort=0}"/>
         <property name="platform" value="Windows 10"/>
      </properties>
      <testcase name="Test Cases/LogInScript" classname="Test Cases/LogInScript" status="PASSED">
         <system-out><![CDATA[2018-12-24 17:37:00 - [TEST_CASE][PASSED] - Test Cases/LogInScript: Test Cases/LogInScript

2018-12-24 17:37:00 - [TEST_STEP][PASSED] - Start listener action : sampleBeforeTestCase: Navigate to 'http://tenant1.astorworkqa.com/login' successfully

2018-12-24 17:37:01 - [TEST_STEP][PASSED] - openBrowser(""): Browser is opened with url: ''

2018-12-24 17:37:01 - [MESSAGE][INFO] - Starting 'Chrome' driver

2018-12-24 17:37:01 - [MESSAGE][INFO] - Action delay is set to 0 seconds

2018-12-24 17:37:05 - [MESSAGE][PASSED] - Browser is opened with url: ''

2018-12-24 17:37:05 - [TEST_STEP][PASSED] - maximizeWindow(): Current window maximized

2018-12-24 17:37:06 - [MESSAGE][PASSED] - Current window maximized

2018-12-24 17:37:06 - [TEST_STEP][PASSED] - navigateToUrl(Url): Navigate to 'http://tenant1.astorworkqa.com/login' successfully

2018-12-24 17:37:17 - [MESSAGE][PASSED] - Navigate to 'http://tenant1.astorworkqa.com/login' successfully

2018-12-24 17:37:17 - [TEST_STEP][PASSED] - loginScriptPage.UserLogIn.LogIn(): loginScriptPage.UserLogIn.LogIn is PASSED

2018-12-24 17:37:18 - [MESSAGE][PASSED] - Text 'admin' is set on object 'Object Repository/UserPage/Input_UserName'

2018-12-24 17:37:18 - [MESSAGE][PASSED] - Text 'abc12345' is set on object 'Object Repository/UserPage/Password'

2018-12-24 17:37:18 - [MESSAGE][PASSED] - Object: 'Object Repository/UserPage/LogInButton' is clicked on

2018-12-24 17:37:18 - [MESSAGE][PASSED] - loginScriptPage.UserLogIn.LogIn is PASSED

2018-12-24 17:37:18 - [TEST_STEP][PASSED] - loginScriptPage.UserLogIn.ClickSettingsButton(ClickProjects): loginScriptPage.UserLogIn.ClickSettingsButton is PASSED

2018-12-24 17:37:19 - [MESSAGE][PASSED] - Object: 'Object Repository/HomePage/SettingsBtn_Click' is clicked on

2018-12-24 17:37:23 - [MESSAGE][PASSED] - Delayed 4 second(s)

2018-12-24 17:37:24 - [MESSAGE][PASSED] - Object: '' is clicked on

2018-12-24 17:37:24 - [MESSAGE][PASSED] - loginScriptPage.UserLogIn.ClickSettingsButton is PASSED

2018-12-24 17:37:24 - [TEST_STEP][PASSED] - Start listener action : sampleAfterTestCase: Browser is closed

2018-12-24 17:37:24 - [TEST_STEP][PASSED] - excutionSource = getExecutionSource(): null

2018-12-24 17:37:24 - [TEST_STEP][PASSED] - logFolderPath = getLogFolderPath(): null

2018-12-24 17:37:24 - [TEST_STEP][PASSED] - userDir = System.getProperty("user.dir") + "\ReportsTest Cases\ScreenShoots": null

2018-12-24 17:37:24 - [TEST_STEP][PASSED] - status = testCaseContext.getTestCaseStatus(): null

2018-12-24 17:37:24 - [TEST_STEP][PASSED] - name = testCaseId: null

2018-12-24 17:37:24 - [TEST_STEP][PASSED] - if (status == "FAILED"): null

2018-12-24 17:37:24 - [TEST_STEP][PASSED] - closeBrowser(): Browser is closed

2018-12-24 17:37:25 - [MESSAGE][PASSED] - Browser is closed]]></system-out>
         <system-err><![CDATA[]]></system-err>
      </testcase>
      <testcase name="Test Cases/CreateNewProject" classname="Test Cases/CreateNewProject" status="FAILED">
         <failure type="FAILED" message="Test Cases/CreateNewProject FAILED.
Reason:
com.kms.katalon.core.exception.StepFailedException: Unable to click on object '' (Root cause: com.kms.katalon.core.webui.exception.WebElementNotFoundException: Web element with id: '' located by 'By.xpath: //span[text()=&quot;Switzerland&quot;]/parent::mat-option' not found)
	at com.kms.katalon.core.keyword.internal.KeywordMain.stepFailed(KeywordMain.groovy:36)
	at com.kms.katalon.core.webui.keyword.internal.WebUIKeywordMain.stepFailed(WebUIKeywordMain.groovy:65)
	at com.kms.katalon.core.webui.keyword.internal.WebUIKeywordMain.runKeyword(WebUIKeywordMain.groovy:27)
	at com.kms.katalon.core.webui.keyword.builtin.ClickKeyword.click(ClickKeyword.groovy:86)
	at com.kms.katalon.core.webui.keyword.builtin.ClickKeyword.execute(ClickKeyword.groovy:67)
	at com.kms.katalon.core.keyword.internal.KeywordExecutor.executeKeywordForPlatform(KeywordExecutor.groovy:53)
	at com.kms.katalon.core.webui.keyword.WebUiBuiltInKeywords.click(WebUiBuiltInKeywords.groovy:616)
	at com.kms.katalon.core.webui.keyword.WebUiBuiltInKeywords$click$3.call(Unknown Source)
	at createNewProject.NewProject.AddNewProject(NewProject.groovy:43)
	at createNewProject.NewProject.invokeMethod(NewProject.groovy)
	at com.kms.katalon.core.main.CustomKeywordDelegatingMetaClass.invokeStaticMethod(CustomKeywordDelegatingMetaClass.java:49)
	at CreateNewProject.run(CreateNewProject:25)
	at com.kms.katalon.core.main.ScriptEngine.run(ScriptEngine.java:194)
	at com.kms.katalon.core.main.ScriptEngine.runScriptAsRawText(ScriptEngine.java:119)
	at com.kms.katalon.core.main.TestCaseExecutor.runScript(TestCaseExecutor.java:328)
	at com.kms.katalon.core.main.TestCaseExecutor.doExecute(TestCaseExecutor.java:319)
	at com.kms.katalon.core.main.TestCaseExecutor.processExecutionPhase(TestCaseExecutor.java:298)
	at com.kms.katalon.core.main.TestCaseExecutor.accessMainPhase(TestCaseExecutor.java:290)
	at com.kms.katalon.core.main.TestCaseExecutor.execute(TestCaseExecutor.java:224)
	at com.kms.katalon.core.main.TestSuiteExecutor.accessTestCaseMainPhase(TestSuiteExecutor.java:129)
	at com.kms.katalon.core.main.TestSuiteExecutor.accessTestSuiteMainPhase(TestSuiteExecutor.java:112)
	at com.kms.katalon.core.main.TestSuiteExecutor.execute(TestSuiteExecutor.java:81)
	at com.kms.katalon.core.main.TestCaseMain.startTestSuite(TestCaseMain.java:149)
	at com.kms.katalon.core.main.TestCaseMain$startTestSuite$0.call(Unknown Source)
	at TempTestSuite1545653216419.run(TempTestSuite1545653216419.groovy:36)
"/>
         <system-out><![CDATA[2018-12-24 17:37:25 - [TEST_CASE][FAILED] - Test Cases/CreateNewProject: Test Cases/CreateNewProject FAILED.
Reason:
com.kms.katalon.core.exception.StepFailedException: Unable to click on object '' (Root cause: com.kms.katalon.core.webui.exception.WebElementNotFoundException: Web element with id: '' located by 'By.xpath: //span[text()="Switzerland"]/parent::mat-option' not found)
	at com.kms.katalon.core.keyword.internal.KeywordMain.stepFailed(KeywordMain.groovy:36)
	at com.kms.katalon.core.webui.keyword.internal.WebUIKeywordMain.stepFailed(WebUIKeywordMain.groovy:65)
	at com.kms.katalon.core.webui.keyword.internal.WebUIKeywordMain.runKeyword(WebUIKeywordMain.groovy:27)
	at com.kms.katalon.core.webui.keyword.builtin.ClickKeyword.click(ClickKeyword.groovy:86)
	at com.kms.katalon.core.webui.keyword.builtin.ClickKeyword.execute(ClickKeyword.groovy:67)
	at com.kms.katalon.core.keyword.internal.KeywordExecutor.executeKeywordForPlatform(KeywordExecutor.groovy:53)
	at com.kms.katalon.core.webui.keyword.WebUiBuiltInKeywords.click(WebUiBuiltInKeywords.groovy:616)
	at com.kms.katalon.core.webui.keyword.WebUiBuiltInKeywords$click$3.call(Unknown Source)
	at createNewProject.NewProject.AddNewProject(NewProject.groovy:43)
	at createNewProject.NewProject.invokeMethod(NewProject.groovy)
	at com.kms.katalon.core.main.CustomKeywordDelegatingMetaClass.invokeStaticMethod(CustomKeywordDelegatingMetaClass.java:49)
	at CreateNewProject.run(CreateNewProject:25)
	at com.kms.katalon.core.main.ScriptEngine.run(ScriptEngine.java:194)
	at com.kms.katalon.core.main.ScriptEngine.runScriptAsRawText(ScriptEngine.java:119)
	at com.kms.katalon.core.main.TestCaseExecutor.runScript(TestCaseExecutor.java:328)
	at com.kms.katalon.core.main.TestCaseExecutor.doExecute(TestCaseExecutor.java:319)
	at com.kms.katalon.core.main.TestCaseExecutor.processExecutionPhase(TestCaseExecutor.java:298)
	at com.kms.katalon.core.main.TestCaseExecutor.accessMainPhase(TestCaseExecutor.java:290)
	at com.kms.katalon.core.main.TestCaseExecutor.execute(TestCaseExecutor.java:224)
	at com.kms.katalon.core.main.TestSuiteExecutor.accessTestCaseMainPhase(TestSuiteExecutor.java:129)
	at com.kms.katalon.core.main.TestSuiteExecutor.accessTestSuiteMainPhase(TestSuiteExecutor.java:112)
	at com.kms.katalon.core.main.TestSuiteExecutor.execute(TestSuiteExecutor.java:81)
	at com.kms.katalon.core.main.TestCaseMain.startTestSuite(TestCaseMain.java:149)
	at com.kms.katalon.core.main.TestCaseMain$startTestSuite$0.call(Unknown Source)
	at TempTestSuite1545653216419.run(TempTestSuite1545653216419.groovy:36)


2018-12-24 17:37:25 - [TEST_STEP][PASSED] - Start listener action : sampleBeforeTestCase: Navigate to 'http://tenant1.astorworkqa.com/login' successfully

2018-12-24 17:37:25 - [TEST_STEP][PASSED] - openBrowser(""): Browser is opened with url: ''

2018-12-24 17:37:25 - [MESSAGE][INFO] - Starting 'Chrome' driver

2018-12-24 17:37:27 - [MESSAGE][PASSED] - Browser is opened with url: ''

2018-12-24 17:37:27 - [TEST_STEP][PASSED] - maximizeWindow(): Current window maximized

2018-12-24 17:37:28 - [MESSAGE][PASSED] - Current window maximized

2018-12-24 17:37:28 - [TEST_STEP][PASSED] - navigateToUrl(Url): Navigate to 'http://tenant1.astorworkqa.com/login' successfully

2018-12-24 17:37:40 - [MESSAGE][PASSED] - Navigate to 'http://tenant1.astorworkqa.com/login' successfully

2018-12-24 17:37:40 - [TEST_STEP][PASSED] - loginScriptPage.UserLogIn.LogIn(): loginScriptPage.UserLogIn.LogIn is PASSED

2018-12-24 17:37:40 - [MESSAGE][PASSED] - Text 'admin' is set on object 'Object Repository/UserPage/Input_UserName'

2018-12-24 17:37:40 - [MESSAGE][PASSED] - Text 'abc12345' is set on object 'Object Repository/UserPage/Password'

2018-12-24 17:37:40 - [MESSAGE][PASSED] - Object: 'Object Repository/UserPage/LogInButton' is clicked on

2018-12-24 17:37:40 - [MESSAGE][PASSED] - loginScriptPage.UserLogIn.LogIn is PASSED

2018-12-24 17:37:40 - [TEST_STEP][PASSED] - loginScriptPage.UserLogIn.ClickSettingsButton(ClickOnProject): loginScriptPage.UserLogIn.ClickSettingsButton is PASSED

2018-12-24 17:37:42 - [MESSAGE][PASSED] - Object: 'Object Repository/HomePage/SettingsBtn_Click' is clicked on

2018-12-24 17:37:46 - [MESSAGE][PASSED] - Delayed 4 second(s)

2018-12-24 17:37:46 - [MESSAGE][PASSED] - Object: '' is clicked on

2018-12-24 17:37:46 - [MESSAGE][PASSED] - loginScriptPage.UserLogIn.ClickSettingsButton is PASSED

2018-12-24 17:37:46 - [TEST_STEP][FAILED] - createNewProject.NewProject.AddNewProject(AddCountry): createNewProject.NewProject.AddNewProject(AddCountry) FAILED.
Reason:
com.kms.katalon.core.exception.StepFailedException: Unable to click on object '' (Root cause: com.kms.katalon.core.webui.exception.WebElementNotFoundException: Web element with id: '' located by 'By.xpath: //span[text()="Switzerland"]/parent::mat-option' not found)
	at com.kms.katalon.core.keyword.internal.KeywordMain.stepFailed(KeywordMain.groovy:36)
	at com.kms.katalon.core.webui.keyword.internal.WebUIKeywordMain.stepFailed(WebUIKeywordMain.groovy:65)
	at com.kms.katalon.core.webui.keyword.internal.WebUIKeywordMain.runKeyword(WebUIKeywordMain.groovy:27)
	at com.kms.katalon.core.webui.keyword.builtin.ClickKeyword.click(ClickKeyword.groovy:86)
	at com.kms.katalon.core.webui.keyword.builtin.ClickKeyword.execute(ClickKeyword.groovy:67)
	at com.kms.katalon.core.keyword.internal.KeywordExecutor.executeKeywordForPlatform(KeywordExecutor.groovy:53)
	at com.kms.katalon.core.webui.keyword.WebUiBuiltInKeywords.click(WebUiBuiltInKeywords.groovy:616)
	at com.kms.katalon.core.webui.keyword.WebUiBuiltInKeywords$click$3.call(Unknown Source)
	at createNewProject.NewProject.AddNewProject(NewProject.groovy:43)
	at createNewProject.NewProject.invokeMethod(NewProject.groovy)
	at com.kms.katalon.core.main.CustomKeywordDelegatingMetaClass.invokeStaticMethod(CustomKeywordDelegatingMetaClass.java:49)
	at CreateNewProject.run(CreateNewProject:25)
	at com.kms.katalon.core.main.ScriptEngine.run(ScriptEngine.java:194)
	at com.kms.katalon.core.main.ScriptEngine.runScriptAsRawText(ScriptEngine.java:119)
	at com.kms.katalon.core.main.TestCaseExecutor.runScript(TestCaseExecutor.java:328)
	at com.kms.katalon.core.main.TestCaseExecutor.doExecute(TestCaseExecutor.java:319)
	at com.kms.katalon.core.main.TestCaseExecutor.processExecutionPhase(TestCaseExecutor.java:298)
	at com.kms.katalon.core.main.TestCaseExecutor.accessMainPhase(TestCaseExecutor.java:290)
	at com.kms.katalon.core.main.TestCaseExecutor.execute(TestCaseExecutor.java:224)
	at com.kms.katalon.core.main.TestSuiteExecutor.accessTestCaseMainPhase(TestSuiteExecutor.java:129)
	at com.kms.katalon.core.main.TestSuiteExecutor.accessTestSuiteMainPhase(TestSuiteExecutor.java:112)
	at com.kms.katalon.core.main.TestSuiteExecutor.execute(TestSuiteExecutor.java:81)
	at com.kms.katalon.core.main.TestCaseMain.startTestSuite(TestCaseMain.java:149)
	at com.kms.katalon.core.main.TestCaseMain$startTestSuite$0.call(Unknown Source)
	at TempTestSuite1545653216419.run(TempTestSuite1545653216419.groovy:36)


2018-12-24 17:37:51 - [MESSAGE][PASSED] - Delayed 5 second(s)

2018-12-24 17:37:51 - [MESSAGE][PASSED] - Object: 'Object Repository/ClickAddButton/ClickPlusIcon' is clicked on

2018-12-24 17:37:56 - [MESSAGE][PASSED] - Delayed 5 second(s)

2018-12-24 17:37:56 - [MESSAGE][PASSED] - Object: 'Object Repository/CreateProject/ProjectName' is clicked on

2018-12-24 17:37:56 - [MESSAGE][PASSED] - Text 'Astoria' is set on object 'Object Repository/CreateProject/ProjectName'

2018-12-24 17:37:57 - [MESSAGE][PASSED] - Text 'Adding Project in 'Switzerland'' is set on object 'Object Repository/CreateProject/Description'

2018-12-24 17:37:57 - [MESSAGE][PASSED] - Object: 'Object Repository/CreateProject/ProjectName' is clicked on

2018-12-24 17:38:02 - [MESSAGE][PASSED] - Delayed 5 second(s)

2018-12-24 17:38:33 - [MESSAGE][INFO] - Unable to find the element located by 'By.xpath: //span[text()="Switzerland"]/parent::mat-option'. Please recheck the objects properties to make sure the desired element is located. 

2018-12-24 17:38:33 - [MESSAGE][FAILED] - Unable to click on object '' (Root cause: com.kms.katalon.core.webui.exception.WebElementNotFoundException: Web element with id: '' located by 'By.xpath: //span[text()="Switzerland"]/parent::mat-option' not found)
[[ATTACHMENT|C:\\Users\\Nikhil\\Desktop\\Katalon\\AutomationProject\\Reports\\QA\\20181224_173656\\1545653313449.png]]

2018-12-24 17:38:33 - [MESSAGE][FAILED] - Unable to click on object '' (Root cause: com.kms.katalon.core.webui.exception.WebElementNotFoundException: Web element with id: '' located by 'By.xpath: //span[text()="Switzerland"]/parent::mat-option' not found)

2018-12-24 17:38:33 - [MESSAGE][FAILED] - createNewProject.NewProject.AddNewProject(AddCountry) FAILED.
Reason:
com.kms.katalon.core.exception.StepFailedException: Unable to click on object '' (Root cause: com.kms.katalon.core.webui.exception.WebElementNotFoundException: Web element with id: '' located by 'By.xpath: //span[text()="Switzerland"]/parent::mat-option' not found)
	at com.kms.katalon.core.keyword.internal.KeywordMain.stepFailed(KeywordMain.groovy:36)
	at com.kms.katalon.core.webui.keyword.internal.WebUIKeywordMain.stepFailed(WebUIKeywordMain.groovy:65)
	at com.kms.katalon.core.webui.keyword.internal.WebUIKeywordMain.runKeyword(WebUIKeywordMain.groovy:27)
	at com.kms.katalon.core.webui.keyword.builtin.ClickKeyword.click(ClickKeyword.groovy:86)
	at com.kms.katalon.core.webui.keyword.builtin.ClickKeyword.execute(ClickKeyword.groovy:67)
	at com.kms.katalon.core.keyword.internal.KeywordExecutor.executeKeywordForPlatform(KeywordExecutor.groovy:53)
	at com.kms.katalon.core.webui.keyword.WebUiBuiltInKeywords.click(WebUiBuiltInKeywords.groovy:616)
	at com.kms.katalon.core.webui.keyword.WebUiBuiltInKeywords$click$3.call(Unknown Source)
	at createNewProject.NewProject.AddNewProject(NewProject.groovy:43)
	at createNewProject.NewProject.invokeMethod(NewProject.groovy)
	at com.kms.katalon.core.main.CustomKeywordDelegatingMetaClass.invokeStaticMethod(CustomKeywordDelegatingMetaClass.java:49)
	at CreateNewProject.run(CreateNewProject:25)
	at com.kms.katalon.core.main.ScriptEngine.run(ScriptEngine.java:194)
	at com.kms.katalon.core.main.ScriptEngine.runScriptAsRawText(ScriptEngine.java:119)
	at com.kms.katalon.core.main.TestCaseExecutor.runScript(TestCaseExecutor.java:328)
	at com.kms.katalon.core.main.TestCaseExecutor.doExecute(TestCaseExecutor.java:319)
	at com.kms.katalon.core.main.TestCaseExecutor.processExecutionPhase(TestCaseExecutor.java:298)
	at com.kms.katalon.core.main.TestCaseExecutor.accessMainPhase(TestCaseExecutor.java:290)
	at com.kms.katalon.core.main.TestCaseExecutor.execute(TestCaseExecutor.java:224)
	at com.kms.katalon.core.main.TestSuiteExecutor.accessTestCaseMainPhase(TestSuiteExecutor.java:129)
	at com.kms.katalon.core.main.TestSuiteExecutor.accessTestSuiteMainPhase(TestSuiteExecutor.java:112)
	at com.kms.katalon.core.main.TestSuiteExecutor.execute(TestSuiteExecutor.java:81)
	at com.kms.katalon.core.main.TestCaseMain.startTestSuite(TestCaseMain.java:149)
	at com.kms.katalon.core.main.TestCaseMain$startTestSuite$0.call(Unknown Source)
	at TempTestSuite1545653216419.run(TempTestSuite1545653216419.groovy:36)


2018-12-24 17:38:33 - [TEST_STEP][PASSED] - Start listener action : sampleAfterTestCase: Browser is closed

2018-12-24 17:38:33 - [TEST_STEP][PASSED] - excutionSource = getExecutionSource(): null

2018-12-24 17:38:33 - [TEST_STEP][PASSED] - logFolderPath = getLogFolderPath(): null

2018-12-24 17:38:33 - [TEST_STEP][PASSED] - userDir = System.getProperty("user.dir") + "\ReportsTest Cases\ScreenShoots": null

2018-12-24 17:38:33 - [TEST_STEP][PASSED] - status = testCaseContext.getTestCaseStatus(): null

2018-12-24 17:38:33 - [TEST_STEP][PASSED] - name = testCaseId: null

2018-12-24 17:38:33 - [TEST_STEP][PASSED] - if (status == "FAILED"): Taking screenshot successfully

2018-12-24 17:38:33 - [TEST_STEP][PASSED] - today = new java.util.Date(): null

2018-12-24 17:38:33 - [TEST_STEP][PASSED] - todaysDate = today.format("dd_MM_yy"): null

2018-12-24 17:38:33 - [TEST_STEP][PASSED] - nowTime = today.format("hh_mm_ss"): null

2018-12-24 17:38:33 - [TEST_STEP][PASSED] - takeScreenshot(userDir + "\" + name + "_" + nowTime + "_" + todaysDate + ".PNG"): Taking screenshot successfully

2018-12-24 17:38:34 - [MESSAGE][PASSED] - Taking screenshot successfully
[[ATTACHMENT|C:\\Users\\Nikhil\\Desktop\\Katalon\\AutomationProject\\ReportsTest Cases\\ScreenShoots\\Test Cases/CreateNewProject_05_38_33_24_12_18.PNG]]

2018-12-24 17:38:34 - [TEST_STEP][PASSED] - closeBrowser(): Browser is closed

2018-12-24 17:38:35 - [MESSAGE][PASSED] - Browser is closed]]></system-out>
         <system-err><![CDATA[2018-12-24 17:37:25 - [TEST_CASE][FAILED] - Test Cases/CreateNewProject: Test Cases/CreateNewProject FAILED.
Reason:
com.kms.katalon.core.exception.StepFailedException: Unable to click on object '' (Root cause: com.kms.katalon.core.webui.exception.WebElementNotFoundException: Web element with id: '' located by 'By.xpath: //span[text()="Switzerland"]/parent::mat-option' not found)
	at com.kms.katalon.core.keyword.internal.KeywordMain.stepFailed(KeywordMain.groovy:36)
	at com.kms.katalon.core.webui.keyword.internal.WebUIKeywordMain.stepFailed(WebUIKeywordMain.groovy:65)
	at com.kms.katalon.core.webui.keyword.internal.WebUIKeywordMain.runKeyword(WebUIKeywordMain.groovy:27)
	at com.kms.katalon.core.webui.keyword.builtin.ClickKeyword.click(ClickKeyword.groovy:86)
	at com.kms.katalon.core.webui.keyword.builtin.ClickKeyword.execute(ClickKeyword.groovy:67)
	at com.kms.katalon.core.keyword.internal.KeywordExecutor.executeKeywordForPlatform(KeywordExecutor.groovy:53)
	at com.kms.katalon.core.webui.keyword.WebUiBuiltInKeywords.click(WebUiBuiltInKeywords.groovy:616)
	at com.kms.katalon.core.webui.keyword.WebUiBuiltInKeywords$click$3.call(Unknown Source)
	at createNewProject.NewProject.AddNewProject(NewProject.groovy:43)
	at createNewProject.NewProject.invokeMethod(NewProject.groovy)
	at com.kms.katalon.core.main.CustomKeywordDelegatingMetaClass.invokeStaticMethod(CustomKeywordDelegatingMetaClass.java:49)
	at CreateNewProject.run(CreateNewProject:25)
	at com.kms.katalon.core.main.ScriptEngine.run(ScriptEngine.java:194)
	at com.kms.katalon.core.main.ScriptEngine.runScriptAsRawText(ScriptEngine.java:119)
	at com.kms.katalon.core.main.TestCaseExecutor.runScript(TestCaseExecutor.java:328)
	at com.kms.katalon.core.main.TestCaseExecutor.doExecute(TestCaseExecutor.java:319)
	at com.kms.katalon.core.main.TestCaseExecutor.processExecutionPhase(TestCaseExecutor.java:298)
	at com.kms.katalon.core.main.TestCaseExecutor.accessMainPhase(TestCaseExecutor.java:290)
	at com.kms.katalon.core.main.TestCaseExecutor.execute(TestCaseExecutor.java:224)
	at com.kms.katalon.core.main.TestSuiteExecutor.accessTestCaseMainPhase(TestSuiteExecutor.java:129)
	at com.kms.katalon.core.main.TestSuiteExecutor.accessTestSuiteMainPhase(TestSuiteExecutor.java:112)
	at com.kms.katalon.core.main.TestSuiteExecutor.execute(TestSuiteExecutor.java:81)
	at com.kms.katalon.core.main.TestCaseMain.startTestSuite(TestCaseMain.java:149)
	at com.kms.katalon.core.main.TestCaseMain$startTestSuite$0.call(Unknown Source)
	at TempTestSuite1545653216419.run(TempTestSuite1545653216419.groovy:36)]]></system-err>
      </testcase>
      <system-out><![CDATA[2018-12-24 17:36:59 - [TEST_SUITE][FAILED] - QA: Test Cases/CreateNewProject FAILED.
Reason:
com.kms.katalon.core.exception.StepFailedException: Unable to click on object '' (Root cause: com.kms.katalon.core.webui.exception.WebElementNotFoundException: Web element with id: '' located by 'By.xpath: //span[text()="Switzerland"]/parent::mat-option' not found)
	at com.kms.katalon.core.keyword.internal.KeywordMain.stepFailed(KeywordMain.groovy:36)
	at com.kms.katalon.core.webui.keyword.internal.WebUIKeywordMain.stepFailed(WebUIKeywordMain.groovy:65)
	at com.kms.katalon.core.webui.keyword.internal.WebUIKeywordMain.runKeyword(WebUIKeywordMain.groovy:27)
	at com.kms.katalon.core.webui.keyword.builtin.ClickKeyword.click(ClickKeyword.groovy:86)
	at com.kms.katalon.core.webui.keyword.builtin.ClickKeyword.execute(ClickKeyword.groovy:67)
	at com.kms.katalon.core.keyword.internal.KeywordExecutor.executeKeywordForPlatform(KeywordExecutor.groovy:53)
	at com.kms.katalon.core.webui.keyword.WebUiBuiltInKeywords.click(WebUiBuiltInKeywords.groovy:616)
	at com.kms.katalon.core.webui.keyword.WebUiBuiltInKeywords$click$3.call(Unknown Source)
	at createNewProject.NewProject.AddNewProject(NewProject.groovy:43)
	at createNewProject.NewProject.invokeMethod(NewProject.groovy)
	at com.kms.katalon.core.main.CustomKeywordDelegatingMetaClass.invokeStaticMethod(CustomKeywordDelegatingMetaClass.java:49)
	at CreateNewProject.run(CreateNewProject:25)
	at com.kms.katalon.core.main.ScriptEngine.run(ScriptEngine.java:194)
	at com.kms.katalon.core.main.ScriptEngine.runScriptAsRawText(ScriptEngine.java:119)
	at com.kms.katalon.core.main.TestCaseExecutor.runScript(TestCaseExecutor.java:328)
	at com.kms.katalon.core.main.TestCaseExecutor.doExecute(TestCaseExecutor.java:319)
	at com.kms.katalon.core.main.TestCaseExecutor.processExecutionPhase(TestCaseExecutor.java:298)
	at com.kms.katalon.core.main.TestCaseExecutor.accessMainPhase(TestCaseExecutor.java:290)
	at com.kms.katalon.core.main.TestCaseExecutor.execute(TestCaseExecutor.java:224)
	at com.kms.katalon.core.main.TestSuiteExecutor.accessTestCaseMainPhase(TestSuiteExecutor.java:129)
	at com.kms.katalon.core.main.TestSuiteExecutor.accessTestSuiteMainPhase(TestSuiteExecutor.java:112)
	at com.kms.katalon.core.main.TestSuiteExecutor.execute(TestSuiteExecutor.java:81)
	at com.kms.katalon.core.main.TestCaseMain.startTestSuite(TestCaseMain.java:149)
	at com.kms.katalon.core.main.TestCaseMain$startTestSuite$0.call(Unknown Source)
	at TempTestSuite1545653216419.run(TempTestSuite1545653216419.groovy:36)]]></system-out>
      <system-err><![CDATA[2018-12-24 17:36:59 - [TEST_SUITE][FAILED] - QA: Test Cases/CreateNewProject FAILED.
Reason:
com.kms.katalon.core.exception.StepFailedException: Unable to click on object '' (Root cause: com.kms.katalon.core.webui.exception.WebElementNotFoundException: Web element with id: '' located by 'By.xpath: //span[text()="Switzerland"]/parent::mat-option' not found)
	at com.kms.katalon.core.keyword.internal.KeywordMain.stepFailed(KeywordMain.groovy:36)
	at com.kms.katalon.core.webui.keyword.internal.WebUIKeywordMain.stepFailed(WebUIKeywordMain.groovy:65)
	at com.kms.katalon.core.webui.keyword.internal.WebUIKeywordMain.runKeyword(WebUIKeywordMain.groovy:27)
	at com.kms.katalon.core.webui.keyword.builtin.ClickKeyword.click(ClickKeyword.groovy:86)
	at com.kms.katalon.core.webui.keyword.builtin.ClickKeyword.execute(ClickKeyword.groovy:67)
	at com.kms.katalon.core.keyword.internal.KeywordExecutor.executeKeywordForPlatform(KeywordExecutor.groovy:53)
	at com.kms.katalon.core.webui.keyword.WebUiBuiltInKeywords.click(WebUiBuiltInKeywords.groovy:616)
	at com.kms.katalon.core.webui.keyword.WebUiBuiltInKeywords$click$3.call(Unknown Source)
	at createNewProject.NewProject.AddNewProject(NewProject.groovy:43)
	at createNewProject.NewProject.invokeMethod(NewProject.groovy)
	at com.kms.katalon.core.main.CustomKeywordDelegatingMetaClass.invokeStaticMethod(CustomKeywordDelegatingMetaClass.java:49)
	at CreateNewProject.run(CreateNewProject:25)
	at com.kms.katalon.core.main.ScriptEngine.run(ScriptEngine.java:194)
	at com.kms.katalon.core.main.ScriptEngine.runScriptAsRawText(ScriptEngine.java:119)
	at com.kms.katalon.core.main.TestCaseExecutor.runScript(TestCaseExecutor.java:328)
	at com.kms.katalon.core.main.TestCaseExecutor.doExecute(TestCaseExecutor.java:319)
	at com.kms.katalon.core.main.TestCaseExecutor.processExecutionPhase(TestCaseExecutor.java:298)
	at com.kms.katalon.core.main.TestCaseExecutor.accessMainPhase(TestCaseExecutor.java:290)
	at com.kms.katalon.core.main.TestCaseExecutor.execute(TestCaseExecutor.java:224)
	at com.kms.katalon.core.main.TestSuiteExecutor.accessTestCaseMainPhase(TestSuiteExecutor.java:129)
	at com.kms.katalon.core.main.TestSuiteExecutor.accessTestSuiteMainPhase(TestSuiteExecutor.java:112)
	at com.kms.katalon.core.main.TestSuiteExecutor.execute(TestSuiteExecutor.java:81)
	at com.kms.katalon.core.main.TestCaseMain.startTestSuite(TestCaseMain.java:149)
	at com.kms.katalon.core.main.TestCaseMain$startTestSuite$0.call(Unknown Source)
	at TempTestSuite1545653216419.run(TempTestSuite1545653216419.groovy:36)]]></system-err>
   </testsuite>
</testsuites>
