<?xml version="1.0" encoding="UTF-8"?>
<testsuites name="QA" time="69" tests="1" failures="1" errors="0">
   <testsuite name="QA" tests="1" failures="1" errors="0" time="69" timestamp="2018-12-27 17:27:30" hostname="Nikhil - 192.168.4.197" id="Test Suites/QA">
      <properties>
         <property name="deviceName" value=""/>
         <property name="devicePlatform" value=""/>
         <property name="logFolder" value="C:\\Users\\Nikhil\\Desktop\\Katalon\\AutomationProject\\Reports\\QA\\20181227_172726"/>
         <property name="logFiles" value="C:\\Users\\Nikhil\\Desktop\\Katalon\\AutomationProject\\Reports\\QA\\20181227_172726\\execution0.log"/>
         <property name="attachments" value="C:\\Users\\Nikhil\\Desktop\\Katalon\\AutomationProject\\Reports\\QA\\20181227_172726\\1545911917394.png, C:\\Users\\Nikhil\\Desktop\\Katalon\\AutomationProject\\ReportsTest Cases\\ScreenShoots\\Test Cases/CreateNewProject_05_28_37_27_12_18.PNG"/>
         <property name="hostName" value="Nikhil - 192.168.4.197"/>
         <property name="os" value="Windows 10 64bit"/>
         <property name="katalonVersion" value="5.10.0.1"/>
         <property name="browser" value="Chrome 71.0.3578.98"/>
         <property name="hostAddress" value="192.168.4.197"/>
         <property name="sessionId" value="86cd61d31f3db25c03d223caef15ad1f"/>
         <property name="seleniumVersion" value="3.7.1"/>
         <property name="proxyInformation" value="ProxyInformation{proxyOption=NO_PROXY, proxyServerType=HTTP, password=, proxyServerAddress=, proxyServerPort=0}"/>
         <property name="platform" value="Windows 10"/>
      </properties>
      <testcase name="Test Cases/LogInScript" classname="Test Cases/LogInScript" status="PASSED">
         <system-out><![CDATA[2018-12-27 17:27:30 - [TEST_CASE][PASSED] - Test Cases/LogInScript: Test Cases/LogInScript

2018-12-27 17:27:30 - [TEST_STEP][PASSED] - Start listener action : sampleBeforeTestCase: Navigate to 'http://tenant1.astorworkqa.com/login' successfully

2018-12-27 17:27:31 - [TEST_STEP][PASSED] - openBrowser(""): Browser is opened with url: ''

2018-12-27 17:27:31 - [MESSAGE][INFO] - Starting 'Chrome' driver

2018-12-27 17:27:31 - [MESSAGE][INFO] - Action delay is set to 0 seconds

2018-12-27 17:27:35 - [MESSAGE][PASSED] - Browser is opened with url: ''

2018-12-27 17:27:35 - [TEST_STEP][PASSED] - maximizeWindow(): Current window maximized

2018-12-27 17:27:36 - [MESSAGE][PASSED] - Current window maximized

2018-12-27 17:27:36 - [TEST_STEP][PASSED] - navigateToUrl(Url): Navigate to 'http://tenant1.astorworkqa.com/login' successfully

2018-12-27 17:27:49 - [MESSAGE][PASSED] - Navigate to 'http://tenant1.astorworkqa.com/login' successfully

2018-12-27 17:27:50 - [TEST_STEP][PASSED] - loginScriptPage.UserLogIn.LogIn(): loginScriptPage.UserLogIn.LogIn is PASSED

2018-12-27 17:27:50 - [MESSAGE][PASSED] - Text 'admin' is set on object 'Object Repository/UserPage/Input_UserName'

2018-12-27 17:27:50 - [MESSAGE][PASSED] - Text 'abc12345' is set on object 'Object Repository/UserPage/Password'

2018-12-27 17:27:50 - [MESSAGE][PASSED] - Object: 'Object Repository/UserPage/LogInButton' is clicked on

2018-12-27 17:27:50 - [MESSAGE][PASSED] - loginScriptPage.UserLogIn.LogIn is PASSED

2018-12-27 17:27:50 - [TEST_STEP][PASSED] - loginScriptPage.UserLogIn.ClickSettingsButton(ClickProjects): loginScriptPage.UserLogIn.ClickSettingsButton is PASSED

2018-12-27 17:27:52 - [MESSAGE][PASSED] - Object: 'Object Repository/HomePage/SettingsBtn_Click' is clicked on

2018-12-27 17:27:56 - [MESSAGE][PASSED] - Delayed 4 second(s)

2018-12-27 17:27:56 - [MESSAGE][PASSED] - Object: '' is clicked on

2018-12-27 17:27:56 - [MESSAGE][PASSED] - loginScriptPage.UserLogIn.ClickSettingsButton is PASSED

2018-12-27 17:27:56 - [TEST_STEP][PASSED] - Start listener action : sampleAfterTestCase: Browser is closed

2018-12-27 17:27:56 - [TEST_STEP][PASSED] - excutionSource = getExecutionSource(): null

2018-12-27 17:27:56 - [TEST_STEP][PASSED] - logFolderPath = getLogFolderPath(): null

2018-12-27 17:27:56 - [TEST_STEP][PASSED] - userDir = System.getProperty("user.dir") + "\ReportsTest Cases\ScreenShoots": null

2018-12-27 17:27:56 - [TEST_STEP][PASSED] - status = testCaseContext.getTestCaseStatus(): null

2018-12-27 17:27:56 - [TEST_STEP][PASSED] - name = testCaseId: null

2018-12-27 17:27:56 - [TEST_STEP][PASSED] - if (status == "FAILED"): null

2018-12-27 17:27:56 - [TEST_STEP][PASSED] - closeBrowser(): Browser is closed

2018-12-27 17:27:58 - [MESSAGE][PASSED] - Browser is closed]]></system-out>
         <system-err><![CDATA[]]></system-err>
      </testcase>
      <testcase name="Test Cases/CreateNewProject" classname="Test Cases/CreateNewProject" status="FAILED">
         <failure type="FAILED" message="Test Cases/CreateNewProject FAILED.
Reason:
com.kms.katalon.core.exception.StepFailedException: Unable to click on object 'Object Repository/CreateProject/SaveButton' (Root cause: org.openqa.selenium.WebDriverException: unknown error: Element &lt;button _ngcontent-c25=&quot;&quot; color=&quot;primary&quot; mat-raised-button=&quot;&quot; type=&quot;submit&quot; class=&quot;mat-raised-button mat-primary&quot; disabled=&quot;&quot;>...&lt;/button> is not clickable at point (577, 499). Other element would receive the click: &lt;span class=&quot;mat-option-text&quot;>...&lt;/span>
  (Session info: chrome=71.0.3578.98)
  (Driver info: chromedriver=2.43.600210 (68dcf5eebde37173d4027fa8635e332711d2874a),platform=Windows NT 10.0.17134 x86_64) (WARNING: The server did not provide any stacktrace information)
Command duration or timeout: 0 milliseconds
Build info: version: '3.7.1', revision: '8a0099a', time: '2017-11-06T21:07:36.161Z'
System info: host: 'ASTORIA-LT035', ip: '192.168.4.197', os.name: 'Windows 10', os.arch: 'amd64', os.version: '10.0', java.version: '1.8.0_191'
Driver info: com.kms.katalon.selenium.driver.CChromeDriver
Capabilities {acceptInsecureCerts: false, acceptSslCerts: false, applicationCacheEnabled: false, browserConnectionEnabled: false, browserName: chrome, chrome: {chromedriverVersion: 2.43.600210 (68dcf5eebde371..., userDataDir: C:\Users\Nikhil\AppData\Loc...}, cssSelectorsEnabled: true, databaseEnabled: false, goog:chromeOptions: {debuggerAddress: localhost:59457}, handlesAlerts: true, hasTouchScreen: false, javascriptEnabled: true, locationContextEnabled: true, mobileEmulationEnabled: false, nativeEvents: true, networkConnectionEnabled: false, pageLoadStrategy: normal, platform: XP, platformName: XP, rotatable: false, setWindowRect: true, takesHeapSnapshot: true, takesScreenshot: true, unexpectedAlertBehaviour: , unhandledPromptBehavior: , version: 71.0.3578.98, webStorageEnabled: true}
Session ID: 86cd61d31f3db25c03d223caef15ad1f)
	at com.kms.katalon.core.keyword.internal.KeywordMain.stepFailed(KeywordMain.groovy:36)
	at com.kms.katalon.core.webui.keyword.internal.WebUIKeywordMain.stepFailed(WebUIKeywordMain.groovy:65)
	at com.kms.katalon.core.webui.keyword.internal.WebUIKeywordMain.runKeyword(WebUIKeywordMain.groovy:27)
	at com.kms.katalon.core.webui.keyword.builtin.ClickKeyword.click(ClickKeyword.groovy:86)
	at com.kms.katalon.core.webui.keyword.builtin.ClickKeyword.execute(ClickKeyword.groovy:67)
	at com.kms.katalon.core.keyword.internal.KeywordExecutor.executeKeywordForPlatform(KeywordExecutor.groovy:53)
	at com.kms.katalon.core.webui.keyword.WebUiBuiltInKeywords.click(WebUiBuiltInKeywords.groovy:616)
	at com.kms.katalon.core.webui.keyword.WebUiBuiltInKeywords$click$3.call(Unknown Source)
	at createNewProject.NewProject.AddNewProject(NewProject.groovy:53)
	at createNewProject.NewProject.invokeMethod(NewProject.groovy)
	at com.kms.katalon.core.main.CustomKeywordDelegatingMetaClass.invokeStaticMethod(CustomKeywordDelegatingMetaClass.java:49)
	at CreateNewProject.run(CreateNewProject:22)
	at com.kms.katalon.core.main.ScriptEngine.run(ScriptEngine.java:194)
	at com.kms.katalon.core.main.ScriptEngine.runScriptAsRawText(ScriptEngine.java:119)
	at com.kms.katalon.core.main.TestCaseExecutor.runScript(TestCaseExecutor.java:328)
	at com.kms.katalon.core.main.TestCaseExecutor.doExecute(TestCaseExecutor.java:319)
	at com.kms.katalon.core.main.TestCaseExecutor.processExecutionPhase(TestCaseExecutor.java:298)
	at com.kms.katalon.core.main.TestCaseExecutor.accessMainPhase(TestCaseExecutor.java:290)
	at com.kms.katalon.core.main.TestCaseExecutor.execute(TestCaseExecutor.java:224)
	at com.kms.katalon.core.main.TestSuiteExecutor.accessTestCaseMainPhase(TestSuiteExecutor.java:129)
	at com.kms.katalon.core.main.TestSuiteExecutor.accessTestSuiteMainPhase(TestSuiteExecutor.java:112)
	at com.kms.katalon.core.main.TestSuiteExecutor.execute(TestSuiteExecutor.java:81)
	at com.kms.katalon.core.main.TestCaseMain.startTestSuite(TestCaseMain.java:149)
	at com.kms.katalon.core.main.TestCaseMain$startTestSuite$0.call(Unknown Source)
	at TempTestSuite1545911846817.run(TempTestSuite1545911846817.groovy:36)
"/>
         <system-out><![CDATA[2018-12-27 17:27:58 - [TEST_CASE][FAILED] - Test Cases/CreateNewProject: Test Cases/CreateNewProject FAILED.
Reason:
com.kms.katalon.core.exception.StepFailedException: Unable to click on object 'Object Repository/CreateProject/SaveButton' (Root cause: org.openqa.selenium.WebDriverException: unknown error: Element <button _ngcontent-c25="" color="primary" mat-raised-button="" type="submit" class="mat-raised-button mat-primary" disabled="">...</button> is not clickable at point (577, 499). Other element would receive the click: <span class="mat-option-text">...</span>
  (Session info: chrome=71.0.3578.98)
  (Driver info: chromedriver=2.43.600210 (68dcf5eebde37173d4027fa8635e332711d2874a),platform=Windows NT 10.0.17134 x86_64) (WARNING: The server did not provide any stacktrace information)
Command duration or timeout: 0 milliseconds
Build info: version: '3.7.1', revision: '8a0099a', time: '2017-11-06T21:07:36.161Z'
System info: host: 'ASTORIA-LT035', ip: '192.168.4.197', os.name: 'Windows 10', os.arch: 'amd64', os.version: '10.0', java.version: '1.8.0_191'
Driver info: com.kms.katalon.selenium.driver.CChromeDriver
Capabilities {acceptInsecureCerts: false, acceptSslCerts: false, applicationCacheEnabled: false, browserConnectionEnabled: false, browserName: chrome, chrome: {chromedriverVersion: 2.43.600210 (68dcf5eebde371..., userDataDir: C:\Users\Nikhil\AppData\Loc...}, cssSelectorsEnabled: true, databaseEnabled: false, goog:chromeOptions: {debuggerAddress: localhost:59457}, handlesAlerts: true, hasTouchScreen: false, javascriptEnabled: true, locationContextEnabled: true, mobileEmulationEnabled: false, nativeEvents: true, networkConnectionEnabled: false, pageLoadStrategy: normal, platform: XP, platformName: XP, rotatable: false, setWindowRect: true, takesHeapSnapshot: true, takesScreenshot: true, unexpectedAlertBehaviour: , unhandledPromptBehavior: , version: 71.0.3578.98, webStorageEnabled: true}
Session ID: 86cd61d31f3db25c03d223caef15ad1f)
	at com.kms.katalon.core.keyword.internal.KeywordMain.stepFailed(KeywordMain.groovy:36)
	at com.kms.katalon.core.webui.keyword.internal.WebUIKeywordMain.stepFailed(WebUIKeywordMain.groovy:65)
	at com.kms.katalon.core.webui.keyword.internal.WebUIKeywordMain.runKeyword(WebUIKeywordMain.groovy:27)
	at com.kms.katalon.core.webui.keyword.builtin.ClickKeyword.click(ClickKeyword.groovy:86)
	at com.kms.katalon.core.webui.keyword.builtin.ClickKeyword.execute(ClickKeyword.groovy:67)
	at com.kms.katalon.core.keyword.internal.KeywordExecutor.executeKeywordForPlatform(KeywordExecutor.groovy:53)
	at com.kms.katalon.core.webui.keyword.WebUiBuiltInKeywords.click(WebUiBuiltInKeywords.groovy:616)
	at com.kms.katalon.core.webui.keyword.WebUiBuiltInKeywords$click$3.call(Unknown Source)
	at createNewProject.NewProject.AddNewProject(NewProject.groovy:53)
	at createNewProject.NewProject.invokeMethod(NewProject.groovy)
	at com.kms.katalon.core.main.CustomKeywordDelegatingMetaClass.invokeStaticMethod(CustomKeywordDelegatingMetaClass.java:49)
	at CreateNewProject.run(CreateNewProject:22)
	at com.kms.katalon.core.main.ScriptEngine.run(ScriptEngine.java:194)
	at com.kms.katalon.core.main.ScriptEngine.runScriptAsRawText(ScriptEngine.java:119)
	at com.kms.katalon.core.main.TestCaseExecutor.runScript(TestCaseExecutor.java:328)
	at com.kms.katalon.core.main.TestCaseExecutor.doExecute(TestCaseExecutor.java:319)
	at com.kms.katalon.core.main.TestCaseExecutor.processExecutionPhase(TestCaseExecutor.java:298)
	at com.kms.katalon.core.main.TestCaseExecutor.accessMainPhase(TestCaseExecutor.java:290)
	at com.kms.katalon.core.main.TestCaseExecutor.execute(TestCaseExecutor.java:224)
	at com.kms.katalon.core.main.TestSuiteExecutor.accessTestCaseMainPhase(TestSuiteExecutor.java:129)
	at com.kms.katalon.core.main.TestSuiteExecutor.accessTestSuiteMainPhase(TestSuiteExecutor.java:112)
	at com.kms.katalon.core.main.TestSuiteExecutor.execute(TestSuiteExecutor.java:81)
	at com.kms.katalon.core.main.TestCaseMain.startTestSuite(TestCaseMain.java:149)
	at com.kms.katalon.core.main.TestCaseMain$startTestSuite$0.call(Unknown Source)
	at TempTestSuite1545911846817.run(TempTestSuite1545911846817.groovy:36)


2018-12-27 17:27:58 - [TEST_STEP][PASSED] - Start listener action : sampleBeforeTestCase: Navigate to 'http://tenant1.astorworkqa.com/login' successfully

2018-12-27 17:27:58 - [TEST_STEP][PASSED] - openBrowser(""): Browser is opened with url: ''

2018-12-27 17:27:58 - [MESSAGE][INFO] - Starting 'Chrome' driver

2018-12-27 17:28:01 - [MESSAGE][PASSED] - Browser is opened with url: ''

2018-12-27 17:28:01 - [TEST_STEP][PASSED] - maximizeWindow(): Current window maximized

2018-12-27 17:28:02 - [MESSAGE][PASSED] - Current window maximized

2018-12-27 17:28:02 - [TEST_STEP][PASSED] - navigateToUrl(Url): Navigate to 'http://tenant1.astorworkqa.com/login' successfully

2018-12-27 17:28:18 - [MESSAGE][PASSED] - Navigate to 'http://tenant1.astorworkqa.com/login' successfully

2018-12-27 17:28:19 - [TEST_STEP][PASSED] - loginScriptPage.UserLogIn.LogIn(): loginScriptPage.UserLogIn.LogIn is PASSED

2018-12-27 17:28:19 - [MESSAGE][PASSED] - Text 'admin' is set on object 'Object Repository/UserPage/Input_UserName'

2018-12-27 17:28:19 - [MESSAGE][PASSED] - Text 'abc12345' is set on object 'Object Repository/UserPage/Password'

2018-12-27 17:28:19 - [MESSAGE][PASSED] - Object: 'Object Repository/UserPage/LogInButton' is clicked on

2018-12-27 17:28:19 - [MESSAGE][PASSED] - loginScriptPage.UserLogIn.LogIn is PASSED

2018-12-27 17:28:19 - [TEST_STEP][PASSED] - loginScriptPage.UserLogIn.ClickSettingsButton(ClickOnProject): loginScriptPage.UserLogIn.ClickSettingsButton is PASSED

2018-12-27 17:28:21 - [MESSAGE][PASSED] - Object: 'Object Repository/HomePage/SettingsBtn_Click' is clicked on

2018-12-27 17:28:25 - [MESSAGE][PASSED] - Delayed 4 second(s)

2018-12-27 17:28:25 - [MESSAGE][PASSED] - Object: '' is clicked on

2018-12-27 17:28:25 - [MESSAGE][PASSED] - loginScriptPage.UserLogIn.ClickSettingsButton is PASSED

2018-12-27 17:28:25 - [TEST_STEP][FAILED] - createNewProject.NewProject.AddNewProject(AddCountry): createNewProject.NewProject.AddNewProject(AddCountry) FAILED.
Reason:
com.kms.katalon.core.exception.StepFailedException: Unable to click on object 'Object Repository/CreateProject/SaveButton' (Root cause: org.openqa.selenium.WebDriverException: unknown error: Element <button _ngcontent-c25="" color="primary" mat-raised-button="" type="submit" class="mat-raised-button mat-primary" disabled="">...</button> is not clickable at point (577, 499). Other element would receive the click: <span class="mat-option-text">...</span>
  (Session info: chrome=71.0.3578.98)
  (Driver info: chromedriver=2.43.600210 (68dcf5eebde37173d4027fa8635e332711d2874a),platform=Windows NT 10.0.17134 x86_64) (WARNING: The server did not provide any stacktrace information)
Command duration or timeout: 0 milliseconds
Build info: version: '3.7.1', revision: '8a0099a', time: '2017-11-06T21:07:36.161Z'
System info: host: 'ASTORIA-LT035', ip: '192.168.4.197', os.name: 'Windows 10', os.arch: 'amd64', os.version: '10.0', java.version: '1.8.0_191'
Driver info: com.kms.katalon.selenium.driver.CChromeDriver
Capabilities {acceptInsecureCerts: false, acceptSslCerts: false, applicationCacheEnabled: false, browserConnectionEnabled: false, browserName: chrome, chrome: {chromedriverVersion: 2.43.600210 (68dcf5eebde371..., userDataDir: C:\Users\Nikhil\AppData\Loc...}, cssSelectorsEnabled: true, databaseEnabled: false, goog:chromeOptions: {debuggerAddress: localhost:59457}, handlesAlerts: true, hasTouchScreen: false, javascriptEnabled: true, locationContextEnabled: true, mobileEmulationEnabled: false, nativeEvents: true, networkConnectionEnabled: false, pageLoadStrategy: normal, platform: XP, platformName: XP, rotatable: false, setWindowRect: true, takesHeapSnapshot: true, takesScreenshot: true, unexpectedAlertBehaviour: , unhandledPromptBehavior: , version: 71.0.3578.98, webStorageEnabled: true}
Session ID: 86cd61d31f3db25c03d223caef15ad1f)
	at com.kms.katalon.core.keyword.internal.KeywordMain.stepFailed(KeywordMain.groovy:36)
	at com.kms.katalon.core.webui.keyword.internal.WebUIKeywordMain.stepFailed(WebUIKeywordMain.groovy:65)
	at com.kms.katalon.core.webui.keyword.internal.WebUIKeywordMain.runKeyword(WebUIKeywordMain.groovy:27)
	at com.kms.katalon.core.webui.keyword.builtin.ClickKeyword.click(ClickKeyword.groovy:86)
	at com.kms.katalon.core.webui.keyword.builtin.ClickKeyword.execute(ClickKeyword.groovy:67)
	at com.kms.katalon.core.keyword.internal.KeywordExecutor.executeKeywordForPlatform(KeywordExecutor.groovy:53)
	at com.kms.katalon.core.webui.keyword.WebUiBuiltInKeywords.click(WebUiBuiltInKeywords.groovy:616)
	at com.kms.katalon.core.webui.keyword.WebUiBuiltInKeywords$click$3.call(Unknown Source)
	at createNewProject.NewProject.AddNewProject(NewProject.groovy:53)
	at createNewProject.NewProject.invokeMethod(NewProject.groovy)
	at com.kms.katalon.core.main.CustomKeywordDelegatingMetaClass.invokeStaticMethod(CustomKeywordDelegatingMetaClass.java:49)
	at CreateNewProject.run(CreateNewProject:22)
	at com.kms.katalon.core.main.ScriptEngine.run(ScriptEngine.java:194)
	at com.kms.katalon.core.main.ScriptEngine.runScriptAsRawText(ScriptEngine.java:119)
	at com.kms.katalon.core.main.TestCaseExecutor.runScript(TestCaseExecutor.java:328)
	at com.kms.katalon.core.main.TestCaseExecutor.doExecute(TestCaseExecutor.java:319)
	at com.kms.katalon.core.main.TestCaseExecutor.processExecutionPhase(TestCaseExecutor.java:298)
	at com.kms.katalon.core.main.TestCaseExecutor.accessMainPhase(TestCaseExecutor.java:290)
	at com.kms.katalon.core.main.TestCaseExecutor.execute(TestCaseExecutor.java:224)
	at com.kms.katalon.core.main.TestSuiteExecutor.accessTestCaseMainPhase(TestSuiteExecutor.java:129)
	at com.kms.katalon.core.main.TestSuiteExecutor.accessTestSuiteMainPhase(TestSuiteExecutor.java:112)
	at com.kms.katalon.core.main.TestSuiteExecutor.execute(TestSuiteExecutor.java:81)
	at com.kms.katalon.core.main.TestCaseMain.startTestSuite(TestCaseMain.java:149)
	at com.kms.katalon.core.main.TestCaseMain$startTestSuite$0.call(Unknown Source)
	at TempTestSuite1545911846817.run(TempTestSuite1545911846817.groovy:36)


2018-12-27 17:28:30 - [MESSAGE][PASSED] - Delayed 5 second(s)

2018-12-27 17:28:30 - [MESSAGE][PASSED] - Object: 'Object Repository/ClickAddButton/ClickPlusIcon' is clicked on

2018-12-27 17:28:35 - [MESSAGE][PASSED] - Delayed 5 second(s)

2018-12-27 17:28:36 - [MESSAGE][PASSED] - Text 'Astoria'12272018''05:28:30'' is set on object 'Object Repository/CreateProject/ProjectName'

2018-12-27 17:28:37 - [MESSAGE][PASSED] - Text 'Adding Project in 'Switzerland'' is set on object 'Object Repository/CreateProject/Description'

2018-12-27 17:28:37 - [MESSAGE][PASSED] - Object: 'Object Repository/CreateProject/ClickCountry' is clicked on

2018-12-27 17:28:37 - [MESSAGE][FAILED] - Unable to click on object 'Object Repository/CreateProject/SaveButton' (Root cause: org.openqa.selenium.WebDriverException: unknown error: Element <button _ngcontent-c25="" color="primary" mat-raised-button="" type="submit" class="mat-raised-button mat-primary" disabled="">...</button> is not clickable at point (577, 499). Other element would receive the click: <span class="mat-option-text">...</span>
  (Session info: chrome=71.0.3578.98)
  (Driver info: chromedriver=2.43.600210 (68dcf5eebde37173d4027fa8635e332711d2874a),platform=Windows NT 10.0.17134 x86_64) (WARNING: The server did not provide any stacktrace information)
Command duration or timeout: 0 milliseconds
Build info: version: '3.7.1', revision: '8a0099a', time: '2017-11-06T21:07:36.161Z'
System info: host: 'ASTORIA-LT035', ip: '192.168.4.197', os.name: 'Windows 10', os.arch: 'amd64', os.version: '10.0', java.version: '1.8.0_191'
Driver info: com.kms.katalon.selenium.driver.CChromeDriver
Capabilities {acceptInsecureCerts: false, acceptSslCerts: false, applicationCacheEnabled: false, browserConnectionEnabled: false, browserName: chrome, chrome: {chromedriverVersion: 2.43.600210 (68dcf5eebde371..., userDataDir: C:\Users\Nikhil\AppData\Loc...}, cssSelectorsEnabled: true, databaseEnabled: false, goog:chromeOptions: {debuggerAddress: localhost:59457}, handlesAlerts: true, hasTouchScreen: false, javascriptEnabled: true, locationContextEnabled: true, mobileEmulationEnabled: false, nativeEvents: true, networkConnectionEnabled: false, pageLoadStrategy: normal, platform: XP, platformName: XP, rotatable: false, setWindowRect: true, takesHeapSnapshot: true, takesScreenshot: true, unexpectedAlertBehaviour: , unhandledPromptBehavior: , version: 71.0.3578.98, webStorageEnabled: true}
Session ID: 86cd61d31f3db25c03d223caef15ad1f)
[[ATTACHMENT|C:\\Users\\Nikhil\\Desktop\\Katalon\\AutomationProject\\Reports\\QA\\20181227_172726\\1545911917394.png]]

2018-12-27 17:28:37 - [MESSAGE][FAILED] - Unable to click on object 'Object Repository/CreateProject/SaveButton' (Root cause: org.openqa.selenium.WebDriverException: unknown error: Element <button _ngcontent-c25="" color="primary" mat-raised-button="" type="submit" class="mat-raised-button mat-primary" disabled="">...</button> is not clickable at point (577, 499). Other element would receive the click: <span class="mat-option-text">...</span>
  (Session info: chrome=71.0.3578.98)
  (Driver info: chromedriver=2.43.600210 (68dcf5eebde37173d4027fa8635e332711d2874a),platform=Windows NT 10.0.17134 x86_64) (WARNING: The server did not provide any stacktrace information)
Command duration or timeout: 0 milliseconds
Build info: version: '3.7.1', revision: '8a0099a', time: '2017-11-06T21:07:36.161Z'
System info: host: 'ASTORIA-LT035', ip: '192.168.4.197', os.name: 'Windows 10', os.arch: 'amd64', os.version: '10.0', java.version: '1.8.0_191'
Driver info: com.kms.katalon.selenium.driver.CChromeDriver
Capabilities {acceptInsecureCerts: false, acceptSslCerts: false, applicationCacheEnabled: false, browserConnectionEnabled: false, browserName: chrome, chrome: {chromedriverVersion: 2.43.600210 (68dcf5eebde371..., userDataDir: C:\Users\Nikhil\AppData\Loc...}, cssSelectorsEnabled: true, databaseEnabled: false, goog:chromeOptions: {debuggerAddress: localhost:59457}, handlesAlerts: true, hasTouchScreen: false, javascriptEnabled: true, locationContextEnabled: true, mobileEmulationEnabled: false, nativeEvents: true, networkConnectionEnabled: false, pageLoadStrategy: normal, platform: XP, platformName: XP, rotatable: false, setWindowRect: true, takesHeapSnapshot: true, takesScreenshot: true, unexpectedAlertBehaviour: , unhandledPromptBehavior: , version: 71.0.3578.98, webStorageEnabled: true}
Session ID: 86cd61d31f3db25c03d223caef15ad1f)

2018-12-27 17:28:37 - [MESSAGE][FAILED] - createNewProject.NewProject.AddNewProject(AddCountry) FAILED.
Reason:
com.kms.katalon.core.exception.StepFailedException: Unable to click on object 'Object Repository/CreateProject/SaveButton' (Root cause: org.openqa.selenium.WebDriverException: unknown error: Element <button _ngcontent-c25="" color="primary" mat-raised-button="" type="submit" class="mat-raised-button mat-primary" disabled="">...</button> is not clickable at point (577, 499). Other element would receive the click: <span class="mat-option-text">...</span>
  (Session info: chrome=71.0.3578.98)
  (Driver info: chromedriver=2.43.600210 (68dcf5eebde37173d4027fa8635e332711d2874a),platform=Windows NT 10.0.17134 x86_64) (WARNING: The server did not provide any stacktrace information)
Command duration or timeout: 0 milliseconds
Build info: version: '3.7.1', revision: '8a0099a', time: '2017-11-06T21:07:36.161Z'
System info: host: 'ASTORIA-LT035', ip: '192.168.4.197', os.name: 'Windows 10', os.arch: 'amd64', os.version: '10.0', java.version: '1.8.0_191'
Driver info: com.kms.katalon.selenium.driver.CChromeDriver
Capabilities {acceptInsecureCerts: false, acceptSslCerts: false, applicationCacheEnabled: false, browserConnectionEnabled: false, browserName: chrome, chrome: {chromedriverVersion: 2.43.600210 (68dcf5eebde371..., userDataDir: C:\Users\Nikhil\AppData\Loc...}, cssSelectorsEnabled: true, databaseEnabled: false, goog:chromeOptions: {debuggerAddress: localhost:59457}, handlesAlerts: true, hasTouchScreen: false, javascriptEnabled: true, locationContextEnabled: true, mobileEmulationEnabled: false, nativeEvents: true, networkConnectionEnabled: false, pageLoadStrategy: normal, platform: XP, platformName: XP, rotatable: false, setWindowRect: true, takesHeapSnapshot: true, takesScreenshot: true, unexpectedAlertBehaviour: , unhandledPromptBehavior: , version: 71.0.3578.98, webStorageEnabled: true}
Session ID: 86cd61d31f3db25c03d223caef15ad1f)
	at com.kms.katalon.core.keyword.internal.KeywordMain.stepFailed(KeywordMain.groovy:36)
	at com.kms.katalon.core.webui.keyword.internal.WebUIKeywordMain.stepFailed(WebUIKeywordMain.groovy:65)
	at com.kms.katalon.core.webui.keyword.internal.WebUIKeywordMain.runKeyword(WebUIKeywordMain.groovy:27)
	at com.kms.katalon.core.webui.keyword.builtin.ClickKeyword.click(ClickKeyword.groovy:86)
	at com.kms.katalon.core.webui.keyword.builtin.ClickKeyword.execute(ClickKeyword.groovy:67)
	at com.kms.katalon.core.keyword.internal.KeywordExecutor.executeKeywordForPlatform(KeywordExecutor.groovy:53)
	at com.kms.katalon.core.webui.keyword.WebUiBuiltInKeywords.click(WebUiBuiltInKeywords.groovy:616)
	at com.kms.katalon.core.webui.keyword.WebUiBuiltInKeywords$click$3.call(Unknown Source)
	at createNewProject.NewProject.AddNewProject(NewProject.groovy:53)
	at createNewProject.NewProject.invokeMethod(NewProject.groovy)
	at com.kms.katalon.core.main.CustomKeywordDelegatingMetaClass.invokeStaticMethod(CustomKeywordDelegatingMetaClass.java:49)
	at CreateNewProject.run(CreateNewProject:22)
	at com.kms.katalon.core.main.ScriptEngine.run(ScriptEngine.java:194)
	at com.kms.katalon.core.main.ScriptEngine.runScriptAsRawText(ScriptEngine.java:119)
	at com.kms.katalon.core.main.TestCaseExecutor.runScript(TestCaseExecutor.java:328)
	at com.kms.katalon.core.main.TestCaseExecutor.doExecute(TestCaseExecutor.java:319)
	at com.kms.katalon.core.main.TestCaseExecutor.processExecutionPhase(TestCaseExecutor.java:298)
	at com.kms.katalon.core.main.TestCaseExecutor.accessMainPhase(TestCaseExecutor.java:290)
	at com.kms.katalon.core.main.TestCaseExecutor.execute(TestCaseExecutor.java:224)
	at com.kms.katalon.core.main.TestSuiteExecutor.accessTestCaseMainPhase(TestSuiteExecutor.java:129)
	at com.kms.katalon.core.main.TestSuiteExecutor.accessTestSuiteMainPhase(TestSuiteExecutor.java:112)
	at com.kms.katalon.core.main.TestSuiteExecutor.execute(TestSuiteExecutor.java:81)
	at com.kms.katalon.core.main.TestCaseMain.startTestSuite(TestCaseMain.java:149)
	at com.kms.katalon.core.main.TestCaseMain$startTestSuite$0.call(Unknown Source)
	at TempTestSuite1545911846817.run(TempTestSuite1545911846817.groovy:36)


2018-12-27 17:28:37 - [TEST_STEP][PASSED] - Start listener action : sampleAfterTestCase: Browser is closed

2018-12-27 17:28:37 - [TEST_STEP][PASSED] - excutionSource = getExecutionSource(): null

2018-12-27 17:28:37 - [TEST_STEP][PASSED] - logFolderPath = getLogFolderPath(): null

2018-12-27 17:28:37 - [TEST_STEP][PASSED] - userDir = System.getProperty("user.dir") + "\ReportsTest Cases\ScreenShoots": null

2018-12-27 17:28:37 - [TEST_STEP][PASSED] - status = testCaseContext.getTestCaseStatus(): null

2018-12-27 17:28:37 - [TEST_STEP][PASSED] - name = testCaseId: null

2018-12-27 17:28:37 - [TEST_STEP][PASSED] - if (status == "FAILED"): Taking screenshot successfully

2018-12-27 17:28:37 - [TEST_STEP][PASSED] - today = new java.util.Date(): null

2018-12-27 17:28:37 - [TEST_STEP][PASSED] - todaysDate = today.format("dd_MM_yy"): null

2018-12-27 17:28:37 - [TEST_STEP][PASSED] - nowTime = today.format("hh_mm_ss"): null

2018-12-27 17:28:37 - [TEST_STEP][PASSED] - takeScreenshot(userDir + "\" + name + "_" + nowTime + "_" + todaysDate + ".PNG"): Taking screenshot successfully

2018-12-27 17:28:38 - [MESSAGE][PASSED] - Taking screenshot successfully
[[ATTACHMENT|C:\\Users\\Nikhil\\Desktop\\Katalon\\AutomationProject\\ReportsTest Cases\\ScreenShoots\\Test Cases/CreateNewProject_05_28_37_27_12_18.PNG]]

2018-12-27 17:28:38 - [TEST_STEP][PASSED] - closeBrowser(): Browser is closed

2018-12-27 17:28:39 - [MESSAGE][PASSED] - Browser is closed]]></system-out>
         <system-err><![CDATA[2018-12-27 17:27:58 - [TEST_CASE][FAILED] - Test Cases/CreateNewProject: Test Cases/CreateNewProject FAILED.
Reason:
com.kms.katalon.core.exception.StepFailedException: Unable to click on object 'Object Repository/CreateProject/SaveButton' (Root cause: org.openqa.selenium.WebDriverException: unknown error: Element <button _ngcontent-c25="" color="primary" mat-raised-button="" type="submit" class="mat-raised-button mat-primary" disabled="">...</button> is not clickable at point (577, 499). Other element would receive the click: <span class="mat-option-text">...</span>
  (Session info: chrome=71.0.3578.98)
  (Driver info: chromedriver=2.43.600210 (68dcf5eebde37173d4027fa8635e332711d2874a),platform=Windows NT 10.0.17134 x86_64) (WARNING: The server did not provide any stacktrace information)
Command duration or timeout: 0 milliseconds
Build info: version: '3.7.1', revision: '8a0099a', time: '2017-11-06T21:07:36.161Z'
System info: host: 'ASTORIA-LT035', ip: '192.168.4.197', os.name: 'Windows 10', os.arch: 'amd64', os.version: '10.0', java.version: '1.8.0_191'
Driver info: com.kms.katalon.selenium.driver.CChromeDriver
Capabilities {acceptInsecureCerts: false, acceptSslCerts: false, applicationCacheEnabled: false, browserConnectionEnabled: false, browserName: chrome, chrome: {chromedriverVersion: 2.43.600210 (68dcf5eebde371..., userDataDir: C:\Users\Nikhil\AppData\Loc...}, cssSelectorsEnabled: true, databaseEnabled: false, goog:chromeOptions: {debuggerAddress: localhost:59457}, handlesAlerts: true, hasTouchScreen: false, javascriptEnabled: true, locationContextEnabled: true, mobileEmulationEnabled: false, nativeEvents: true, networkConnectionEnabled: false, pageLoadStrategy: normal, platform: XP, platformName: XP, rotatable: false, setWindowRect: true, takesHeapSnapshot: true, takesScreenshot: true, unexpectedAlertBehaviour: , unhandledPromptBehavior: , version: 71.0.3578.98, webStorageEnabled: true}
Session ID: 86cd61d31f3db25c03d223caef15ad1f)
	at com.kms.katalon.core.keyword.internal.KeywordMain.stepFailed(KeywordMain.groovy:36)
	at com.kms.katalon.core.webui.keyword.internal.WebUIKeywordMain.stepFailed(WebUIKeywordMain.groovy:65)
	at com.kms.katalon.core.webui.keyword.internal.WebUIKeywordMain.runKeyword(WebUIKeywordMain.groovy:27)
	at com.kms.katalon.core.webui.keyword.builtin.ClickKeyword.click(ClickKeyword.groovy:86)
	at com.kms.katalon.core.webui.keyword.builtin.ClickKeyword.execute(ClickKeyword.groovy:67)
	at com.kms.katalon.core.keyword.internal.KeywordExecutor.executeKeywordForPlatform(KeywordExecutor.groovy:53)
	at com.kms.katalon.core.webui.keyword.WebUiBuiltInKeywords.click(WebUiBuiltInKeywords.groovy:616)
	at com.kms.katalon.core.webui.keyword.WebUiBuiltInKeywords$click$3.call(Unknown Source)
	at createNewProject.NewProject.AddNewProject(NewProject.groovy:53)
	at createNewProject.NewProject.invokeMethod(NewProject.groovy)
	at com.kms.katalon.core.main.CustomKeywordDelegatingMetaClass.invokeStaticMethod(CustomKeywordDelegatingMetaClass.java:49)
	at CreateNewProject.run(CreateNewProject:22)
	at com.kms.katalon.core.main.ScriptEngine.run(ScriptEngine.java:194)
	at com.kms.katalon.core.main.ScriptEngine.runScriptAsRawText(ScriptEngine.java:119)
	at com.kms.katalon.core.main.TestCaseExecutor.runScript(TestCaseExecutor.java:328)
	at com.kms.katalon.core.main.TestCaseExecutor.doExecute(TestCaseExecutor.java:319)
	at com.kms.katalon.core.main.TestCaseExecutor.processExecutionPhase(TestCaseExecutor.java:298)
	at com.kms.katalon.core.main.TestCaseExecutor.accessMainPhase(TestCaseExecutor.java:290)
	at com.kms.katalon.core.main.TestCaseExecutor.execute(TestCaseExecutor.java:224)
	at com.kms.katalon.core.main.TestSuiteExecutor.accessTestCaseMainPhase(TestSuiteExecutor.java:129)
	at com.kms.katalon.core.main.TestSuiteExecutor.accessTestSuiteMainPhase(TestSuiteExecutor.java:112)
	at com.kms.katalon.core.main.TestSuiteExecutor.execute(TestSuiteExecutor.java:81)
	at com.kms.katalon.core.main.TestCaseMain.startTestSuite(TestCaseMain.java:149)
	at com.kms.katalon.core.main.TestCaseMain$startTestSuite$0.call(Unknown Source)
	at TempTestSuite1545911846817.run(TempTestSuite1545911846817.groovy:36)]]></system-err>
      </testcase>
      <system-out><![CDATA[2018-12-27 17:27:30 - [TEST_SUITE][FAILED] - QA: Test Cases/CreateNewProject FAILED.
Reason:
com.kms.katalon.core.exception.StepFailedException: Unable to click on object 'Object Repository/CreateProject/SaveButton' (Root cause: org.openqa.selenium.WebDriverException: unknown error: Element <button _ngcontent-c25="" color="primary" mat-raised-button="" type="submit" class="mat-raised-button mat-primary" disabled="">...</button> is not clickable at point (577, 499). Other element would receive the click: <span class="mat-option-text">...</span>
  (Session info: chrome=71.0.3578.98)
  (Driver info: chromedriver=2.43.600210 (68dcf5eebde37173d4027fa8635e332711d2874a),platform=Windows NT 10.0.17134 x86_64) (WARNING: The server did not provide any stacktrace information)
Command duration or timeout: 0 milliseconds
Build info: version: '3.7.1', revision: '8a0099a', time: '2017-11-06T21:07:36.161Z'
System info: host: 'ASTORIA-LT035', ip: '192.168.4.197', os.name: 'Windows 10', os.arch: 'amd64', os.version: '10.0', java.version: '1.8.0_191'
Driver info: com.kms.katalon.selenium.driver.CChromeDriver
Capabilities {acceptInsecureCerts: false, acceptSslCerts: false, applicationCacheEnabled: false, browserConnectionEnabled: false, browserName: chrome, chrome: {chromedriverVersion: 2.43.600210 (68dcf5eebde371..., userDataDir: C:\Users\Nikhil\AppData\Loc...}, cssSelectorsEnabled: true, databaseEnabled: false, goog:chromeOptions: {debuggerAddress: localhost:59457}, handlesAlerts: true, hasTouchScreen: false, javascriptEnabled: true, locationContextEnabled: true, mobileEmulationEnabled: false, nativeEvents: true, networkConnectionEnabled: false, pageLoadStrategy: normal, platform: XP, platformName: XP, rotatable: false, setWindowRect: true, takesHeapSnapshot: true, takesScreenshot: true, unexpectedAlertBehaviour: , unhandledPromptBehavior: , version: 71.0.3578.98, webStorageEnabled: true}
Session ID: 86cd61d31f3db25c03d223caef15ad1f)
	at com.kms.katalon.core.keyword.internal.KeywordMain.stepFailed(KeywordMain.groovy:36)
	at com.kms.katalon.core.webui.keyword.internal.WebUIKeywordMain.stepFailed(WebUIKeywordMain.groovy:65)
	at com.kms.katalon.core.webui.keyword.internal.WebUIKeywordMain.runKeyword(WebUIKeywordMain.groovy:27)
	at com.kms.katalon.core.webui.keyword.builtin.ClickKeyword.click(ClickKeyword.groovy:86)
	at com.kms.katalon.core.webui.keyword.builtin.ClickKeyword.execute(ClickKeyword.groovy:67)
	at com.kms.katalon.core.keyword.internal.KeywordExecutor.executeKeywordForPlatform(KeywordExecutor.groovy:53)
	at com.kms.katalon.core.webui.keyword.WebUiBuiltInKeywords.click(WebUiBuiltInKeywords.groovy:616)
	at com.kms.katalon.core.webui.keyword.WebUiBuiltInKeywords$click$3.call(Unknown Source)
	at createNewProject.NewProject.AddNewProject(NewProject.groovy:53)
	at createNewProject.NewProject.invokeMethod(NewProject.groovy)
	at com.kms.katalon.core.main.CustomKeywordDelegatingMetaClass.invokeStaticMethod(CustomKeywordDelegatingMetaClass.java:49)
	at CreateNewProject.run(CreateNewProject:22)
	at com.kms.katalon.core.main.ScriptEngine.run(ScriptEngine.java:194)
	at com.kms.katalon.core.main.ScriptEngine.runScriptAsRawText(ScriptEngine.java:119)
	at com.kms.katalon.core.main.TestCaseExecutor.runScript(TestCaseExecutor.java:328)
	at com.kms.katalon.core.main.TestCaseExecutor.doExecute(TestCaseExecutor.java:319)
	at com.kms.katalon.core.main.TestCaseExecutor.processExecutionPhase(TestCaseExecutor.java:298)
	at com.kms.katalon.core.main.TestCaseExecutor.accessMainPhase(TestCaseExecutor.java:290)
	at com.kms.katalon.core.main.TestCaseExecutor.execute(TestCaseExecutor.java:224)
	at com.kms.katalon.core.main.TestSuiteExecutor.accessTestCaseMainPhase(TestSuiteExecutor.java:129)
	at com.kms.katalon.core.main.TestSuiteExecutor.accessTestSuiteMainPhase(TestSuiteExecutor.java:112)
	at com.kms.katalon.core.main.TestSuiteExecutor.execute(TestSuiteExecutor.java:81)
	at com.kms.katalon.core.main.TestCaseMain.startTestSuite(TestCaseMain.java:149)
	at com.kms.katalon.core.main.TestCaseMain$startTestSuite$0.call(Unknown Source)
	at TempTestSuite1545911846817.run(TempTestSuite1545911846817.groovy:36)]]></system-out>
      <system-err><![CDATA[2018-12-27 17:27:30 - [TEST_SUITE][FAILED] - QA: Test Cases/CreateNewProject FAILED.
Reason:
com.kms.katalon.core.exception.StepFailedException: Unable to click on object 'Object Repository/CreateProject/SaveButton' (Root cause: org.openqa.selenium.WebDriverException: unknown error: Element <button _ngcontent-c25="" color="primary" mat-raised-button="" type="submit" class="mat-raised-button mat-primary" disabled="">...</button> is not clickable at point (577, 499). Other element would receive the click: <span class="mat-option-text">...</span>
  (Session info: chrome=71.0.3578.98)
  (Driver info: chromedriver=2.43.600210 (68dcf5eebde37173d4027fa8635e332711d2874a),platform=Windows NT 10.0.17134 x86_64) (WARNING: The server did not provide any stacktrace information)
Command duration or timeout: 0 milliseconds
Build info: version: '3.7.1', revision: '8a0099a', time: '2017-11-06T21:07:36.161Z'
System info: host: 'ASTORIA-LT035', ip: '192.168.4.197', os.name: 'Windows 10', os.arch: 'amd64', os.version: '10.0', java.version: '1.8.0_191'
Driver info: com.kms.katalon.selenium.driver.CChromeDriver
Capabilities {acceptInsecureCerts: false, acceptSslCerts: false, applicationCacheEnabled: false, browserConnectionEnabled: false, browserName: chrome, chrome: {chromedriverVersion: 2.43.600210 (68dcf5eebde371..., userDataDir: C:\Users\Nikhil\AppData\Loc...}, cssSelectorsEnabled: true, databaseEnabled: false, goog:chromeOptions: {debuggerAddress: localhost:59457}, handlesAlerts: true, hasTouchScreen: false, javascriptEnabled: true, locationContextEnabled: true, mobileEmulationEnabled: false, nativeEvents: true, networkConnectionEnabled: false, pageLoadStrategy: normal, platform: XP, platformName: XP, rotatable: false, setWindowRect: true, takesHeapSnapshot: true, takesScreenshot: true, unexpectedAlertBehaviour: , unhandledPromptBehavior: , version: 71.0.3578.98, webStorageEnabled: true}
Session ID: 86cd61d31f3db25c03d223caef15ad1f)
	at com.kms.katalon.core.keyword.internal.KeywordMain.stepFailed(KeywordMain.groovy:36)
	at com.kms.katalon.core.webui.keyword.internal.WebUIKeywordMain.stepFailed(WebUIKeywordMain.groovy:65)
	at com.kms.katalon.core.webui.keyword.internal.WebUIKeywordMain.runKeyword(WebUIKeywordMain.groovy:27)
	at com.kms.katalon.core.webui.keyword.builtin.ClickKeyword.click(ClickKeyword.groovy:86)
	at com.kms.katalon.core.webui.keyword.builtin.ClickKeyword.execute(ClickKeyword.groovy:67)
	at com.kms.katalon.core.keyword.internal.KeywordExecutor.executeKeywordForPlatform(KeywordExecutor.groovy:53)
	at com.kms.katalon.core.webui.keyword.WebUiBuiltInKeywords.click(WebUiBuiltInKeywords.groovy:616)
	at com.kms.katalon.core.webui.keyword.WebUiBuiltInKeywords$click$3.call(Unknown Source)
	at createNewProject.NewProject.AddNewProject(NewProject.groovy:53)
	at createNewProject.NewProject.invokeMethod(NewProject.groovy)
	at com.kms.katalon.core.main.CustomKeywordDelegatingMetaClass.invokeStaticMethod(CustomKeywordDelegatingMetaClass.java:49)
	at CreateNewProject.run(CreateNewProject:22)
	at com.kms.katalon.core.main.ScriptEngine.run(ScriptEngine.java:194)
	at com.kms.katalon.core.main.ScriptEngine.runScriptAsRawText(ScriptEngine.java:119)
	at com.kms.katalon.core.main.TestCaseExecutor.runScript(TestCaseExecutor.java:328)
	at com.kms.katalon.core.main.TestCaseExecutor.doExecute(TestCaseExecutor.java:319)
	at com.kms.katalon.core.main.TestCaseExecutor.processExecutionPhase(TestCaseExecutor.java:298)
	at com.kms.katalon.core.main.TestCaseExecutor.accessMainPhase(TestCaseExecutor.java:290)
	at com.kms.katalon.core.main.TestCaseExecutor.execute(TestCaseExecutor.java:224)
	at com.kms.katalon.core.main.TestSuiteExecutor.accessTestCaseMainPhase(TestSuiteExecutor.java:129)
	at com.kms.katalon.core.main.TestSuiteExecutor.accessTestSuiteMainPhase(TestSuiteExecutor.java:112)
	at com.kms.katalon.core.main.TestSuiteExecutor.execute(TestSuiteExecutor.java:81)
	at com.kms.katalon.core.main.TestCaseMain.startTestSuite(TestCaseMain.java:149)
	at com.kms.katalon.core.main.TestCaseMain$startTestSuite$0.call(Unknown Source)
	at TempTestSuite1545911846817.run(TempTestSuite1545911846817.groovy:36)]]></system-err>
   </testsuite>
</testsuites>
